<?xml version="1.0" encoding="UTF-8"?>
<testsuite xmlns:xsi="http://www.w3.org/2001/XMLSchema-instance" xsi:noNamespaceSchemaLocation="https://maven.apache.org/surefire/maven-surefire-plugin/xsd/surefire-test-report-3.0.xsd" version="3.0" name="GuiTest" time="0.209" tests="1" errors="1" skipped="0" failures="0">
  <properties>
    <property name="java.specification.version" value="17"/>
    <property name="sun.cpu.isalist" value="amd64"/>
    <property name="sun.jnu.encoding" value="Cp1252"/>
    <property name="java.class.path" value="C:\Users\GamerTuff\Documents\Perso\SkyRP\Framacraft\target\test-classes;C:\Users\GamerTuff\Documents\Perso\SkyRP\Framacraft\target\classes;C:\Users\GamerTuff\.m2\repository\org\spigotmc\spigot-api\1.18.2-R0.1-SNAPSHOT\spigot-api-1.18.2-R0.1-SNAPSHOT.jar;C:\Users\GamerTuff\.m2\repository\commons-lang\commons-lang\2.6\commons-lang-2.6.jar;C:\Users\GamerTuff\.m2\repository\com\google\guava\guava\31.0.1-jre\guava-31.0.1-jre.jar;C:\Users\GamerTuff\.m2\repository\com\google\guava\failureaccess\1.0.1\failureaccess-1.0.1.jar;C:\Users\GamerTuff\.m2\repository\com\google\guava\listenablefuture\9999.0-empty-to-avoid-conflict-with-guava\listenablefuture-9999.0-empty-to-avoid-conflict-with-guava.jar;C:\Users\GamerTuff\.m2\repository\com\google\code\findbugs\jsr305\3.0.2\jsr305-3.0.2.jar;C:\Users\GamerTuff\.m2\repository\org\checkerframework\checker-qual\3.12.0\checker-qual-3.12.0.jar;C:\Users\GamerTuff\.m2\repository\com\google\errorprone\error_prone_annotations\2.7.1\error_prone_annotations-2.7.1.jar;C:\Users\GamerTuff\.m2\repository\com\google\j2objc\j2objc-annotations\1.3\j2objc-annotations-1.3.jar;C:\Users\GamerTuff\.m2\repository\com\google\code\gson\gson\2.8.9\gson-2.8.9.jar;C:\Users\GamerTuff\.m2\repository\net\md-5\bungeecord-chat\1.16-R0.4\bungeecord-chat-1.16-R0.4.jar;C:\Users\GamerTuff\.m2\repository\org\yaml\snakeyaml\1.30\snakeyaml-1.30.jar;C:\Users\GamerTuff\.m2\repository\org\junit\jupiter\junit-jupiter-engine\5.9.2\junit-jupiter-engine-5.9.2.jar;C:\Users\GamerTuff\.m2\repository\org\junit\platform\junit-platform-engine\1.9.2\junit-platform-engine-1.9.2.jar;C:\Users\GamerTuff\.m2\repository\org\opentest4j\opentest4j\1.2.0\opentest4j-1.2.0.jar;C:\Users\GamerTuff\.m2\repository\org\junit\platform\junit-platform-commons\1.9.2\junit-platform-commons-1.9.2.jar;C:\Users\GamerTuff\.m2\repository\org\junit\jupiter\junit-jupiter-api\5.9.2\junit-jupiter-api-5.9.2.jar;C:\Users\GamerTuff\.m2\repository\org\apiguardian\apiguardian-api\1.1.2\apiguardian-api-1.1.2.jar;C:\Users\GamerTuff\.m2\repository\com\github\seeseemelk\MockBukkit-v1.19\3.0.0\MockBukkit-v1.19-3.0.0.jar;C:\Users\GamerTuff\.m2\repository\io\papermc\paper\paper-api\1.19.4-R0.1-SNAPSHOT\paper-api-1.19.4-R0.1-SNAPSHOT.jar;C:\Users\GamerTuff\.m2\repository\org\joml\joml\1.10.5\joml-1.10.5.jar;C:\Users\GamerTuff\.m2\repository\com\googlecode\json-simple\json-simple\1.1.1\json-simple-1.1.1.jar;C:\Users\GamerTuff\.m2\repository\it\unimi\dsi\fastutil\8.5.6\fastutil-8.5.6.jar;C:\Users\GamerTuff\.m2\repository\org\apache\logging\log4j\log4j-api\2.17.1\log4j-api-2.17.1.jar;C:\Users\GamerTuff\.m2\repository\org\slf4j\slf4j-api\1.8.0-beta4\slf4j-api-1.8.0-beta4.jar;C:\Users\GamerTuff\.m2\repository\net\kyori\adventure-api\4.13.1\adventure-api-4.13.1.jar;C:\Users\GamerTuff\.m2\repository\net\kyori\adventure-key\4.13.1\adventure-key-4.13.1.jar;C:\Users\GamerTuff\.m2\repository\net\kyori\examination-api\1.3.0\examination-api-1.3.0.jar;C:\Users\GamerTuff\.m2\repository\net\kyori\examination-string\1.3.0\examination-string-1.3.0.jar;C:\Users\GamerTuff\.m2\repository\net\kyori\adventure-text-minimessage\4.13.1\adventure-text-minimessage-4.13.1.jar;C:\Users\GamerTuff\.m2\repository\net\kyori\adventure-text-serializer-gson\4.13.1\adventure-text-serializer-gson-4.13.1.jar;C:\Users\GamerTuff\.m2\repository\net\kyori\adventure-text-serializer-legacy\4.13.1\adventure-text-serializer-legacy-4.13.1.jar;C:\Users\GamerTuff\.m2\repository\net\kyori\adventure-text-serializer-plain\4.13.1\adventure-text-serializer-plain-4.13.1.jar;C:\Users\GamerTuff\.m2\repository\net\kyori\adventure-text-logger-slf4j\4.13.1\adventure-text-logger-slf4j-4.13.1.jar;C:\Users\GamerTuff\.m2\repository\org\ow2\asm\asm\9.4\asm-9.4.jar;C:\Users\GamerTuff\.m2\repository\org\ow2\asm\asm-commons\9.4\asm-commons-9.4.jar;C:\Users\GamerTuff\.m2\repository\org\ow2\asm\asm-tree\9.4\asm-tree-9.4.jar;C:\Users\GamerTuff\.m2\repository\org\junit\jupiter\junit-jupiter\5.9.2\junit-jupiter-5.9.2.jar;C:\Users\GamerTuff\.m2\repository\org\junit\jupiter\junit-jupiter-params\5.9.2\junit-jupiter-params-5.9.2.jar;C:\Users\GamerTuff\.m2\repository\net\bytebuddy\byte-buddy\1.14.3\byte-buddy-1.14.3.jar;C:\Users\GamerTuff\.m2\repository\net\kyori\adventure-platform-bungeecord\4.2.0\adventure-platform-bungeecord-4.2.0.jar;C:\Users\GamerTuff\.m2\repository\net\kyori\adventure-platform-api\4.2.0\adventure-platform-api-4.2.0.jar;C:\Users\GamerTuff\.m2\repository\net\kyori\adventure-text-serializer-bungeecord\4.2.0\adventure-text-serializer-bungeecord-4.2.0.jar;C:\Users\GamerTuff\.m2\repository\net\kyori\adventure-platform-facet\4.2.0\adventure-platform-facet-4.2.0.jar;C:\Users\GamerTuff\.m2\repository\net\kyori\adventure-nbt\4.12.0\adventure-nbt-4.12.0.jar;C:\Users\GamerTuff\.m2\repository\org\jetbrains\annotations\24.0.0\annotations-24.0.0.jar;C:\Users\GamerTuff\.m2\repository\org\apache\maven\maven-resolver-provider\3.8.5\maven-resolver-provider-3.8.5.jar;C:\Users\GamerTuff\.m2\repository\org\apache\maven\maven-model\3.8.5\maven-model-3.8.5.jar;C:\Users\GamerTuff\.m2\repository\org\apache\maven\maven-model-builder\3.8.5\maven-model-builder-3.8.5.jar;C:\Users\GamerTuff\.m2\repository\org\codehaus\plexus\plexus-interpolation\1.26\plexus-interpolation-1.26.jar;C:\Users\GamerTuff\.m2\repository\org\apache\maven\maven-artifact\3.8.5\maven-artifact-3.8.5.jar;C:\Users\GamerTuff\.m2\repository\org\apache\maven\maven-builder-support\3.8.5\maven-builder-support-3.8.5.jar;C:\Users\GamerTuff\.m2\repository\org\eclipse\sisu\org.eclipse.sisu.inject\0.3.5\org.eclipse.sisu.inject-0.3.5.jar;C:\Users\GamerTuff\.m2\repository\org\apache\maven\maven-repository-metadata\3.8.5\maven-repository-metadata-3.8.5.jar;C:\Users\GamerTuff\.m2\repository\org\apache\maven\resolver\maven-resolver-api\1.6.3\maven-resolver-api-1.6.3.jar;C:\Users\GamerTuff\.m2\repository\org\apache\maven\resolver\maven-resolver-spi\1.6.3\maven-resolver-spi-1.6.3.jar;C:\Users\GamerTuff\.m2\repository\org\apache\maven\resolver\maven-resolver-util\1.6.3\maven-resolver-util-1.6.3.jar;C:\Users\GamerTuff\.m2\repository\org\apache\maven\resolver\maven-resolver-impl\1.6.3\maven-resolver-impl-1.6.3.jar;C:\Users\GamerTuff\.m2\repository\org\apache\commons\commons-lang3\3.8.1\commons-lang3-3.8.1.jar;C:\Users\GamerTuff\.m2\repository\org\codehaus\plexus\plexus-utils\3.3.0\plexus-utils-3.3.0.jar;C:\Users\GamerTuff\.m2\repository\javax\inject\javax.inject\1\javax.inject-1.jar;C:\Users\GamerTuff\.m2\repository\org\apache\maven\resolver\maven-resolver-connector-basic\1.7.3\maven-resolver-connector-basic-1.7.3.jar;C:\Users\GamerTuff\.m2\repository\org\apache\maven\resolver\maven-resolver-transport-http\1.7.3\maven-resolver-transport-http-1.7.3.jar;C:\Users\GamerTuff\.m2\repository\org\apache\httpcomponents\httpclient\4.5.13\httpclient-4.5.13.jar;C:\Users\GamerTuff\.m2\repository\commons-codec\commons-codec\1.11\commons-codec-1.11.jar;C:\Users\GamerTuff\.m2\repository\org\apache\httpcomponents\httpcore\4.4.14\httpcore-4.4.14.jar;C:\Users\GamerTuff\.m2\repository\org\slf4j\jcl-over-slf4j\1.7.32\jcl-over-slf4j-1.7.32.jar;"/>
    <property name="java.vm.vendor" value="Oracle Corporation"/>
    <property name="sun.arch.data.model" value="64"/>
    <property name="user.variant" value=""/>
    <property name="java.vendor.url" value="https://java.oracle.com/"/>
    <property name="user.timezone" value="Europe/Paris"/>
    <property name="os.name" value="Windows 10"/>
    <property name="java.vm.specification.version" value="17"/>
    <property name="sun.java.launcher" value="SUN_STANDARD"/>
    <property name="user.country" value="FR"/>
    <property name="sun.boot.library.path" value="C:\Program Files\Java\jdk-17.0.5\bin"/>
    <property name="sun.java.command" value="C:\Users\GamerTuff\AppData\Local\Temp\surefire10975260847103395651\surefirebooter-20230606002100376_3.jar C:\Users\GamerTuff\AppData\Local\Temp\surefire10975260847103395651 2023-06-06T00-21-00_146-jvmRun1 surefire-20230606002100376_1tmp surefire_0-20230606002100376_2tmp"/>
    <property name="jdk.debug" value="release"/>
    <property name="surefire.test.class.path" value="C:\Users\GamerTuff\Documents\Perso\SkyRP\Framacraft\target\test-classes;C:\Users\GamerTuff\Documents\Perso\SkyRP\Framacraft\target\classes;C:\Users\GamerTuff\.m2\repository\org\spigotmc\spigot-api\1.18.2-R0.1-SNAPSHOT\spigot-api-1.18.2-R0.1-SNAPSHOT.jar;C:\Users\GamerTuff\.m2\repository\commons-lang\commons-lang\2.6\commons-lang-2.6.jar;C:\Users\GamerTuff\.m2\repository\com\google\guava\guava\31.0.1-jre\guava-31.0.1-jre.jar;C:\Users\GamerTuff\.m2\repository\com\google\guava\failureaccess\1.0.1\failureaccess-1.0.1.jar;C:\Users\GamerTuff\.m2\repository\com\google\guava\listenablefuture\9999.0-empty-to-avoid-conflict-with-guava\listenablefuture-9999.0-empty-to-avoid-conflict-with-guava.jar;C:\Users\GamerTuff\.m2\repository\com\google\code\findbugs\jsr305\3.0.2\jsr305-3.0.2.jar;C:\Users\GamerTuff\.m2\repository\org\checkerframework\checker-qual\3.12.0\checker-qual-3.12.0.jar;C:\Users\GamerTuff\.m2\repository\com\google\errorprone\error_prone_annotations\2.7.1\error_prone_annotations-2.7.1.jar;C:\Users\GamerTuff\.m2\repository\com\google\j2objc\j2objc-annotations\1.3\j2objc-annotations-1.3.jar;C:\Users\GamerTuff\.m2\repository\com\google\code\gson\gson\2.8.9\gson-2.8.9.jar;C:\Users\GamerTuff\.m2\repository\net\md-5\bungeecord-chat\1.16-R0.4\bungeecord-chat-1.16-R0.4.jar;C:\Users\GamerTuff\.m2\repository\org\yaml\snakeyaml\1.30\snakeyaml-1.30.jar;C:\Users\GamerTuff\.m2\repository\org\junit\jupiter\junit-jupiter-engine\5.9.2\junit-jupiter-engine-5.9.2.jar;C:\Users\GamerTuff\.m2\repository\org\junit\platform\junit-platform-engine\1.9.2\junit-platform-engine-1.9.2.jar;C:\Users\GamerTuff\.m2\repository\org\opentest4j\opentest4j\1.2.0\opentest4j-1.2.0.jar;C:\Users\GamerTuff\.m2\repository\org\junit\platform\junit-platform-commons\1.9.2\junit-platform-commons-1.9.2.jar;C:\Users\GamerTuff\.m2\repository\org\junit\jupiter\junit-jupiter-api\5.9.2\junit-jupiter-api-5.9.2.jar;C:\Users\GamerTuff\.m2\repository\org\apiguardian\apiguardian-api\1.1.2\apiguardian-api-1.1.2.jar;C:\Users\GamerTuff\.m2\repository\com\github\seeseemelk\MockBukkit-v1.19\3.0.0\MockBukkit-v1.19-3.0.0.jar;C:\Users\GamerTuff\.m2\repository\io\papermc\paper\paper-api\1.19.4-R0.1-SNAPSHOT\paper-api-1.19.4-R0.1-SNAPSHOT.jar;C:\Users\GamerTuff\.m2\repository\org\joml\joml\1.10.5\joml-1.10.5.jar;C:\Users\GamerTuff\.m2\repository\com\googlecode\json-simple\json-simple\1.1.1\json-simple-1.1.1.jar;C:\Users\GamerTuff\.m2\repository\it\unimi\dsi\fastutil\8.5.6\fastutil-8.5.6.jar;C:\Users\GamerTuff\.m2\repository\org\apache\logging\log4j\log4j-api\2.17.1\log4j-api-2.17.1.jar;C:\Users\GamerTuff\.m2\repository\org\slf4j\slf4j-api\1.8.0-beta4\slf4j-api-1.8.0-beta4.jar;C:\Users\GamerTuff\.m2\repository\net\kyori\adventure-api\4.13.1\adventure-api-4.13.1.jar;C:\Users\GamerTuff\.m2\repository\net\kyori\adventure-key\4.13.1\adventure-key-4.13.1.jar;C:\Users\GamerTuff\.m2\repository\net\kyori\examination-api\1.3.0\examination-api-1.3.0.jar;C:\Users\GamerTuff\.m2\repository\net\kyori\examination-string\1.3.0\examination-string-1.3.0.jar;C:\Users\GamerTuff\.m2\repository\net\kyori\adventure-text-minimessage\4.13.1\adventure-text-minimessage-4.13.1.jar;C:\Users\GamerTuff\.m2\repository\net\kyori\adventure-text-serializer-gson\4.13.1\adventure-text-serializer-gson-4.13.1.jar;C:\Users\GamerTuff\.m2\repository\net\kyori\adventure-text-serializer-legacy\4.13.1\adventure-text-serializer-legacy-4.13.1.jar;C:\Users\GamerTuff\.m2\repository\net\kyori\adventure-text-serializer-plain\4.13.1\adventure-text-serializer-plain-4.13.1.jar;C:\Users\GamerTuff\.m2\repository\net\kyori\adventure-text-logger-slf4j\4.13.1\adventure-text-logger-slf4j-4.13.1.jar;C:\Users\GamerTuff\.m2\repository\org\ow2\asm\asm\9.4\asm-9.4.jar;C:\Users\GamerTuff\.m2\repository\org\ow2\asm\asm-commons\9.4\asm-commons-9.4.jar;C:\Users\GamerTuff\.m2\repository\org\ow2\asm\asm-tree\9.4\asm-tree-9.4.jar;C:\Users\GamerTuff\.m2\repository\org\junit\jupiter\junit-jupiter\5.9.2\junit-jupiter-5.9.2.jar;C:\Users\GamerTuff\.m2\repository\org\junit\jupiter\junit-jupiter-params\5.9.2\junit-jupiter-params-5.9.2.jar;C:\Users\GamerTuff\.m2\repository\net\bytebuddy\byte-buddy\1.14.3\byte-buddy-1.14.3.jar;C:\Users\GamerTuff\.m2\repository\net\kyori\adventure-platform-bungeecord\4.2.0\adventure-platform-bungeecord-4.2.0.jar;C:\Users\GamerTuff\.m2\repository\net\kyori\adventure-platform-api\4.2.0\adventure-platform-api-4.2.0.jar;C:\Users\GamerTuff\.m2\repository\net\kyori\adventure-text-serializer-bungeecord\4.2.0\adventure-text-serializer-bungeecord-4.2.0.jar;C:\Users\GamerTuff\.m2\repository\net\kyori\adventure-platform-facet\4.2.0\adventure-platform-facet-4.2.0.jar;C:\Users\GamerTuff\.m2\repository\net\kyori\adventure-nbt\4.12.0\adventure-nbt-4.12.0.jar;C:\Users\GamerTuff\.m2\repository\org\jetbrains\annotations\24.0.0\annotations-24.0.0.jar;C:\Users\GamerTuff\.m2\repository\org\apache\maven\maven-resolver-provider\3.8.5\maven-resolver-provider-3.8.5.jar;C:\Users\GamerTuff\.m2\repository\org\apache\maven\maven-model\3.8.5\maven-model-3.8.5.jar;C:\Users\GamerTuff\.m2\repository\org\apache\maven\maven-model-builder\3.8.5\maven-model-builder-3.8.5.jar;C:\Users\GamerTuff\.m2\repository\org\codehaus\plexus\plexus-interpolation\1.26\plexus-interpolation-1.26.jar;C:\Users\GamerTuff\.m2\repository\org\apache\maven\maven-artifact\3.8.5\maven-artifact-3.8.5.jar;C:\Users\GamerTuff\.m2\repository\org\apache\maven\maven-builder-support\3.8.5\maven-builder-support-3.8.5.jar;C:\Users\GamerTuff\.m2\repository\org\eclipse\sisu\org.eclipse.sisu.inject\0.3.5\org.eclipse.sisu.inject-0.3.5.jar;C:\Users\GamerTuff\.m2\repository\org\apache\maven\maven-repository-metadata\3.8.5\maven-repository-metadata-3.8.5.jar;C:\Users\GamerTuff\.m2\repository\org\apache\maven\resolver\maven-resolver-api\1.6.3\maven-resolver-api-1.6.3.jar;C:\Users\GamerTuff\.m2\repository\org\apache\maven\resolver\maven-resolver-spi\1.6.3\maven-resolver-spi-1.6.3.jar;C:\Users\GamerTuff\.m2\repository\org\apache\maven\resolver\maven-resolver-util\1.6.3\maven-resolver-util-1.6.3.jar;C:\Users\GamerTuff\.m2\repository\org\apache\maven\resolver\maven-resolver-impl\1.6.3\maven-resolver-impl-1.6.3.jar;C:\Users\GamerTuff\.m2\repository\org\apache\commons\commons-lang3\3.8.1\commons-lang3-3.8.1.jar;C:\Users\GamerTuff\.m2\repository\org\codehaus\plexus\plexus-utils\3.3.0\plexus-utils-3.3.0.jar;C:\Users\GamerTuff\.m2\repository\javax\inject\javax.inject\1\javax.inject-1.jar;C:\Users\GamerTuff\.m2\repository\org\apache\maven\resolver\maven-resolver-connector-basic\1.7.3\maven-resolver-connector-basic-1.7.3.jar;C:\Users\GamerTuff\.m2\repository\org\apache\maven\resolver\maven-resolver-transport-http\1.7.3\maven-resolver-transport-http-1.7.3.jar;C:\Users\GamerTuff\.m2\repository\org\apache\httpcomponents\httpclient\4.5.13\httpclient-4.5.13.jar;C:\Users\GamerTuff\.m2\repository\commons-codec\commons-codec\1.11\commons-codec-1.11.jar;C:\Users\GamerTuff\.m2\repository\org\apache\httpcomponents\httpcore\4.4.14\httpcore-4.4.14.jar;C:\Users\GamerTuff\.m2\repository\org\slf4j\jcl-over-slf4j\1.7.32\jcl-over-slf4j-1.7.32.jar;"/>
    <property name="sun.cpu.endian" value="little"/>
    <property name="user.home" value="C:\Users\GamerTuff"/>
    <property name="user.language" value="fr"/>
    <property name="java.specification.vendor" value="Oracle Corporation"/>
    <property name="java.version.date" value="2022-10-18"/>
    <property name="java.home" value="C:\Program Files\Java\jdk-17.0.5"/>
    <property name="file.separator" value="\"/>
    <property name="basedir" value="C:\Users\GamerTuff\Documents\Perso\SkyRP\Framacraft"/>
    <property name="java.vm.compressedOopsMode" value="32-bit"/>
    <property name="line.separator" value="&#10;"/>
    <property name="java.vm.specification.vendor" value="Oracle Corporation"/>
    <property name="java.specification.name" value="Java Platform API Specification"/>
    <property name="surefire.real.class.path" value="C:\Users\GamerTuff\AppData\Local\Temp\surefire10975260847103395651\surefirebooter-20230606002100376_3.jar"/>
    <property name="user.script" value=""/>
    <property name="sun.management.compiler" value="HotSpot 64-Bit Tiered Compilers"/>
    <property name="java.runtime.version" value="17.0.5+9-LTS-191"/>
    <property name="user.name" value="GamerTuff"/>
    <property name="path.separator" value=";"/>
    <property name="os.version" value="10.0"/>
    <property name="java.runtime.name" value="Java(TM) SE Runtime Environment"/>
    <property name="file.encoding" value="Cp1252"/>
    <property name="java.vm.name" value="Java HotSpot(TM) 64-Bit Server VM"/>
    <property name="localRepository" value="C:\Users\GamerTuff\.m2\repository"/>
    <property name="java.vendor.url.bug" value="https://bugreport.java.com/bugreport/"/>
    <property name="java.io.tmpdir" value="C:\Users\GAMERT~1\AppData\Local\Temp\"/>
    <property name="idea.version" value="2022.3.2"/>
    <property name="java.version" value="17.0.5"/>
    <property name="user.dir" value="C:\Users\GamerTuff\Documents\Perso\SkyRP\Framacraft"/>
    <property name="os.arch" value="amd64"/>
    <property name="java.vm.specification.name" value="Java Virtual Machine Specification"/>
    <property name="sun.os.patch.level" value=""/>
    <property name="native.encoding" value="Cp1252"/>
    <property name="java.library.path" value="C:\Program Files\Java\jdk-17.0.5\bin;C:\Windows\Sun\Java\bin;C:\Windows\system32;C:\Windows;C:\Program Files\Common Files\Oracle\Java\javapath;C:\Program Files (x86)\Common Files\Oracle\Java\javapath;C:\Windows\System32\wbem;C:\ProgramData\ComposerSetup\bin;C:\Program Files\Git\cmd;C:\ProgramData\bin;C:\Program Files\Crucial\Crucial Storage Executive;C:\Program Files (x86)\NVIDIA Corporation\PhysX\Common;C:\Program Files\NVIDIA Corporation\NVIDIA NvDLISR;C:\Program Files\nodejs\;C:\Users\GamerTuff\.cargo\bin;C:\Users\GamerTuff\AppData\Local\Programs\Python\Python310\Scripts\;C:\Users\GamerTuff\AppData\Local\Programs\Python\Python310\;C:\Users\GamerTuff\scoop\shims;C:\Users\GamerTuff\AppData\Roaming\Composer\vendor\bin;C:\Users\GamerTuff\AppData\Local\GitHubDesktop\bin;C:\Users\GamerTuff\AppData\Local\Programs\Microsoft VS Code\bin;C:\Users\GamerTuff\AppData\Roaming\npm;C:\wamp64\bin\php\php8.1.0;;C:\Program Files\JetBrains\WebStorm 2022.3\bin;;C:\Program Files\JetBrains\PhpStorm 2022.3.1\bin;;C:\Program Files\JetBrains\IntelliJ IDEA 2022.3.2\bin;;."/>
    <property name="java.vm.info" value="mixed mode, sharing"/>
    <property name="java.vendor" value="Oracle Corporation"/>
    <property name="java.vm.version" value="17.0.5+9-LTS-191"/>
    <property name="sun.io.unicode.encoding" value="UnicodeLittle"/>
    <property name="java.class.version" value="61.0"/>
  </properties>
  <testcase name="" classname="GuiTest" time="0.209">
    <error message="Index 33 out of bounds for length 33" type="java.lang.ArrayIndexOutOfBoundsException"><![CDATA[java.lang.ArrayIndexOutOfBoundsException: Index 33 out of bounds for length 33
	at org.bukkit.potion.PotionEffectType.registerPotionEffectType(PotionEffectType.java:332)
	at be.seeseemelk.mockbukkit.ServerMock.registerPotionEffectType(ServerMock.java:1960)
	at be.seeseemelk.mockbukkit.ServerMock.createPotionEffectTypes(ServerMock.java:1952)
	at be.seeseemelk.mockbukkit.ServerMock.<init>(ServerMock.java:202)
	at be.seeseemelk.mockbukkit.MockBukkit.mock(MockBukkit.java:57)
	at GuiTest.load(GuiTest.java:18)
	at java.base/jdk.internal.reflect.NativeMethodAccessorImpl.invoke0(Native Method)
	at java.base/jdk.internal.reflect.NativeMethodAccessorImpl.invoke(NativeMethodAccessorImpl.java:77)
	at java.base/jdk.internal.reflect.DelegatingMethodAccessorImpl.invoke(DelegatingMethodAccessorImpl.java:43)
	at java.base/java.lang.reflect.Method.invoke(Method.java:568)
	at org.junit.platform.commons.util.ReflectionUtils.invokeMethod(ReflectionUtils.java:727)
	at org.junit.jupiter.engine.execution.MethodInvocation.proceed(MethodInvocation.java:60)
	at org.junit.jupiter.engine.execution.InvocationInterceptorChain$ValidatingInvocation.proceed(InvocationInterceptorChain.java:131)
	at org.junit.jupiter.engine.extension.TimeoutExtension.intercept(TimeoutExtension.java:156)
	at org.junit.jupiter.engine.extension.TimeoutExtension.interceptLifecycleMethod(TimeoutExtension.java:128)
	at org.junit.jupiter.engine.extension.TimeoutExtension.interceptBeforeAllMethod(TimeoutExtension.java:70)
	at org.junit.jupiter.engine.execution.InterceptingExecutableInvoker$ReflectiveInterceptorCall.lambda$ofVoidMethod$0(InterceptingExecutableInvoker.java:103)
	at org.junit.jupiter.engine.execution.InterceptingExecutableInvoker.lambda$invoke$0(InterceptingExecutableInvoker.java:93)
	at org.junit.jupiter.engine.execution.InvocationInterceptorChain$InterceptedInvocation.proceed(InvocationInterceptorChain.java:106)
	at org.junit.jupiter.engine.execution.InvocationInterceptorChain.proceed(InvocationInterceptorChain.java:64)
	at org.junit.jupiter.engine.execution.InvocationInterceptorChain.chainAndInvoke(InvocationInterceptorChain.java:45)
	at org.junit.jupiter.engine.execution.InvocationInterceptorChain.invoke(InvocationInterceptorChain.java:37)
	at org.junit.jupiter.engine.execution.InterceptingExecutableInvoker.invoke(InterceptingExecutableInvoker.java:92)
	at org.junit.jupiter.engine.execution.InterceptingExecutableInvoker.invoke(InterceptingExecutableInvoker.java:86)
	at org.junit.jupiter.engine.descriptor.ClassBasedTestDescriptor.lambda$invokeBeforeAllMethods$13(ClassBasedTestDescriptor.java:411)
	at org.junit.platform.engine.support.hierarchical.ThrowableCollector.execute(ThrowableCollector.java:73)
	at org.junit.jupiter.engine.descriptor.ClassBasedTestDescriptor.invokeBeforeAllMethods(ClassBasedTestDescriptor.java:409)
	at org.junit.jupiter.engine.descriptor.ClassBasedTestDescriptor.before(ClassBasedTestDescriptor.java:215)
	at org.junit.jupiter.engine.descriptor.ClassBasedTestDescriptor.before(ClassBasedTestDescriptor.java:84)
	at org.junit.platform.engine.support.hierarchical.NodeTestTask.lambda$executeRecursively$6(NodeTestTask.java:148)
	at org.junit.platform.engine.support.hierarchical.ThrowableCollector.execute(ThrowableCollector.java:73)
	at org.junit.platform.engine.support.hierarchical.NodeTestTask.lambda$executeRecursively$8(NodeTestTask.java:141)
	at org.junit.platform.engine.support.hierarchical.Node.around(Node.java:137)
	at org.junit.platform.engine.support.hierarchical.NodeTestTask.lambda$executeRecursively$9(NodeTestTask.java:139)
	at org.junit.platform.engine.support.hierarchical.ThrowableCollector.execute(ThrowableCollector.java:73)
	at org.junit.platform.engine.support.hierarchical.NodeTestTask.executeRecursively(NodeTestTask.java:138)
	at org.junit.platform.engine.support.hierarchical.NodeTestTask.execute(NodeTestTask.java:95)
	at java.base/java.util.ArrayList.forEach(ArrayList.java:1511)
	at org.junit.platform.engine.support.hierarchical.SameThreadHierarchicalTestExecutorService.invokeAll(SameThreadHierarchicalTestExecutorService.java:41)
	at org.junit.platform.engine.support.hierarchical.NodeTestTask.lambda$executeRecursively$6(NodeTestTask.java:155)
	at org.junit.platform.engine.support.hierarchical.ThrowableCollector.execute(ThrowableCollector.java:73)
	at org.junit.platform.engine.support.hierarchical.NodeTestTask.lambda$executeRecursively$8(NodeTestTask.java:141)
	at org.junit.platform.engine.support.hierarchical.Node.around(Node.java:137)
	at org.junit.platform.engine.support.hierarchical.NodeTestTask.lambda$executeRecursively$9(NodeTestTask.java:139)
	at org.junit.platform.engine.support.hierarchical.ThrowableCollector.execute(ThrowableCollector.java:73)
	at org.junit.platform.engine.support.hierarchical.NodeTestTask.executeRecursively(NodeTestTask.java:138)
	at org.junit.platform.engine.support.hierarchical.NodeTestTask.execute(NodeTestTask.java:95)
	at org.junit.platform.engine.support.hierarchical.SameThreadHierarchicalTestExecutorService.submit(SameThreadHierarchicalTestExecutorService.java:35)
	at org.junit.platform.engine.support.hierarchical.HierarchicalTestExecutor.execute(HierarchicalTestExecutor.java:57)
	at org.junit.platform.engine.support.hierarchical.HierarchicalTestEngine.execute(HierarchicalTestEngine.java:54)
	at org.junit.platform.launcher.core.EngineExecutionOrchestrator.execute(EngineExecutionOrchestrator.java:147)
	at org.junit.platform.launcher.core.EngineExecutionOrchestrator.execute(EngineExecutionOrchestrator.java:127)
	at org.junit.platform.launcher.core.EngineExecutionOrchestrator.execute(EngineExecutionOrchestrator.java:90)
	at org.junit.platform.launcher.core.EngineExecutionOrchestrator.lambda$execute$0(EngineExecutionOrchestrator.java:55)
	at org.junit.platform.launcher.core.EngineExecutionOrchestrator.withInterceptedStreams(EngineExecutionOrchestrator.java:102)
	at org.junit.platform.launcher.core.EngineExecutionOrchestrator.execute(EngineExecutionOrchestrator.java:54)
	at org.junit.platform.launcher.core.DefaultLauncher.execute(DefaultLauncher.java:114)
	at org.junit.platform.launcher.core.DefaultLauncher.execute(DefaultLauncher.java:86)
	at org.junit.platform.launcher.core.DefaultLauncherSession$DelegatingLauncher.execute(DefaultLauncherSession.java:86)
	at org.apache.maven.surefire.junitplatform.LazyLauncher.execute(LazyLauncher.java:50)
	at org.apache.maven.surefire.junitplatform.JUnitPlatformProvider.execute(JUnitPlatformProvider.java:184)
	at org.apache.maven.surefire.junitplatform.JUnitPlatformProvider.invokeAllTests(JUnitPlatformProvider.java:148)
	at org.apache.maven.surefire.junitplatform.JUnitPlatformProvider.invoke(JUnitPlatformProvider.java:122)
	at org.apache.maven.surefire.booter.ForkedBooter.runSuitesInProcess(ForkedBooter.java:385)
	at org.apache.maven.surefire.booter.ForkedBooter.execute(ForkedBooter.java:162)
	at org.apache.maven.surefire.booter.ForkedBooter.run(ForkedBooter.java:507)
	at org.apache.maven.surefire.booter.ForkedBooter.main(ForkedBooter.java:495)
]]></error>
  </testcase>
</testsuite>